<?xml version="1.0" encoding="UTF-8"?>
<testng-results ignored="0" total="1" passed="1" failed="0" skipped="0">
  <reporter-output>
  </reporter-output>
  <suite started-at="2022-05-02T15:29:51 IST" name="Default suite" finished-at="2022-05-02T15:30:05 IST" duration-ms="14613">
    <groups>
    </groups>
    <test started-at="2022-05-02T15:29:51 IST" name="Default test" finished-at="2022-05-02T15:30:05 IST" duration-ms="14613">
      <class name="testcases.VerifySignup">
        <test-method is-config="true" signature="urlLAunch()[pri:0, instance:testcases.VerifySignup@192d43ce]" started-at="2022-05-02T15:29:51 IST" name="urlLAunch" finished-at="2022-05-02T15:29:54 IST" duration-ms="3335" status="PASS">
          <reporter-output>
          </reporter-output>
        </test-method> <!-- urlLAunch -->
        <test-method signature="signup()[pri:0, instance:testcases.VerifySignup@192d43ce]" started-at="2022-05-02T15:29:54 IST" name="signup" finished-at="2022-05-02T15:30:05 IST" duration-ms="11246" status="PASS">
          <reporter-output>
          </reporter-output>
        </test-method> <!-- signup -->
      </class> <!-- testcases.VerifySignup -->
    </test> <!-- Default test -->
  </suite> <!-- Default suite -->
</testng-results>
